<?xml version="1.0" encoding="UTF-8"?>
<Site BuildName="(empty)"
	BuildStamp="20250507-0227-Experimental"
	Name="jarred-GF62-7RD"
	Generator="ctest-3.22.1"
	CompilerName="/usr/bin/c++"
	CompilerVersion="11.4.0"
	OSName="Linux"
	Hostname="jarred-GF62-7RD"
	OSRelease="6.8.0-58-generic"
	OSVersion="#60~22.04.1-Ubuntu SMP PREEMPT_DYNAMIC Fri Mar 28 16:09:21 UTC 2"
	OSPlatform="x86_64"
	Is64Bits="1"
	VendorString="GenuineIntel"
	VendorID="Intel Corporation"
	FamilyID="6"
	ModelID="158"
	ProcessorCacheSize="6144"
	NumberOfLogicalCPU="8"
	NumberOfPhysicalCPU="4"
	TotalVirtualMemory="2047"
	TotalPhysicalMemory="15911"
	LogicalProcessorsPerPhysical="2"
	ProcessorClockFrequency="1200.04"
	>
	<Testing>
		<StartDateTime>May 07 12:27 AEST</StartDateTime>
		<StartTestTime>1746584861</StartTestTime>
		<TestList/>
		<EndDateTime>May 07 12:27 AEST</EndDateTime>
		<EndTestTime>1746584861</EndTestTime>
		<ElapsedMinutes>0</ElapsedMinutes>
	</Testing>
</Site>
