<?xml version="1.0" encoding="UTF-8"?>
<Site BuildName="(empty)"
	BuildStamp="20250318-0017-Experimental"
	Name="jarred-GF62-7RD"
	Generator="ctest-3.22.1"
	CompilerName="/usr/bin/c++"
	CompilerVersion="11.4.0"
	OSName="Linux"
	Hostname="jarred-GF62-7RD"
	OSRelease="6.8.0-52-generic"
	OSVersion="#53~22.04.1-Ubuntu SMP PREEMPT_DYNAMIC Wed Jan 15 19:18:46 UTC 2"
	OSPlatform="x86_64"
	Is64Bits="1"
	VendorString="GenuineIntel"
	VendorID="Intel Corporation"
	FamilyID="6"
	ModelID="158"
	ProcessorCacheSize="6144"
	NumberOfLogicalCPU="8"
	NumberOfPhysicalCPU="4"
	TotalVirtualMemory="2047"
	TotalPhysicalMemory="15911"
	LogicalProcessorsPerPhysical="2"
	ProcessorClockFrequency="3406.77"
	>
	<Testing>
		<StartDateTime>Mar 18 11:20 AEDT</StartDateTime>
		<StartTestTime>1742257225</StartTestTime>
		<TestList/>
		<EndDateTime>Mar 18 11:20 AEDT</EndDateTime>
		<EndTestTime>1742257225</EndTestTime>
		<ElapsedMinutes>0</ElapsedMinutes>
	</Testing>
</Site>
